Traceback (most recent call last):
  File "/usr/share/miniconda3/envs/docbuild/lib/python3.10/site-packages/jupyter_cache/executors/utils.py", line 58, in single_nb_execution
    executenb(
  File "/usr/share/miniconda3/envs/docbuild/lib/python3.10/site-packages/nbclient/client.py", line 1314, in execute
    return NotebookClient(nb=nb, resources=resources, km=km, **kwargs).execute()
  File "/usr/share/miniconda3/envs/docbuild/lib/python3.10/site-packages/jupyter_core/utils/__init__.py", line 165, in wrapped
    return loop.run_until_complete(inner)
  File "/usr/share/miniconda3/envs/docbuild/lib/python3.10/asyncio/base_events.py", line 649, in run_until_complete
    return future.result()
  File "/usr/share/miniconda3/envs/docbuild/lib/python3.10/site-packages/nbclient/client.py", line 709, in async_execute
    await self.async_execute_cell(
  File "/usr/share/miniconda3/envs/docbuild/lib/python3.10/site-packages/nbclient/client.py", line 1062, in async_execute_cell
    await self._check_raise_for_error(cell, cell_index, exec_reply)
  File "/usr/share/miniconda3/envs/docbuild/lib/python3.10/site-packages/nbclient/client.py", line 918, in _check_raise_for_error
    raise CellExecutionError.from_cell_and_msg(cell, exec_reply_content)
nbclient.exceptions.CellExecutionError: An error occurred while executing the following cell:
------------------
from activitysim.core import workflow
from activitysim import abm
------------------


[0;31m---------------------------------------------------------------------------[0m
[0;31mModuleNotFoundError[0m                       Traceback (most recent call last)
Cell [0;32mIn[1], line 2[0m
[1;32m      1[0m [38;5;28;01mfrom[39;00m [38;5;21;01mactivitysim[39;00m[38;5;21;01m.[39;00m[38;5;21;01mcore[39;00m [38;5;28;01mimport[39;00m workflow
[0;32m----> 2[0m [38;5;28;01mfrom[39;00m [38;5;21;01mactivitysim[39;00m [38;5;28;01mimport[39;00m abm

File [0;32m/usr/share/miniconda3/envs/docbuild/lib/python3.10/site-packages/activitysim/abm/__init__.py:3[0m
[1;32m      1[0m [38;5;66;03m# ActivitySim[39;00m
[1;32m      2[0m [38;5;66;03m# See full license in LICENSE.txt.[39;00m
[0;32m----> 3[0m [38;5;28;01mfrom[39;00m [38;5;21;01mactivitysim[39;00m[38;5;21;01m.[39;00m[38;5;21;01mabm[39;00m [38;5;28;01mimport[39;00m misc, models, tables
[1;32m      4[0m [38;5;28;01mfrom[39;00m [38;5;21;01mactivitysim[39;00m[38;5;21;01m.[39;00m[38;5;21;01mcore[39;00m[38;5;21;01m.[39;00m[38;5;21;01msteps[39;00m [38;5;28;01mimport[39;00m output  [38;5;66;03m# also contains workflow.step # noqa: F401[39;00m

File [0;32m/usr/share/miniconda3/envs/docbuild/lib/python3.10/site-packages/activitysim/abm/models/__init__.py:5[0m
[1;32m      1[0m [38;5;66;03m# flake8: noqa[39;00m
[1;32m      2[0m [38;5;66;03m# ActivitySim[39;00m
[1;32m      3[0m [38;5;66;03m# See full license in LICENSE.txt.[39;00m
[0;32m----> 5[0m [38;5;28;01mfrom[39;00m [38;5;21;01m.[39;00m [38;5;28;01mimport[39;00m (
[1;32m      6[0m     accessibility,
[1;32m      7[0m     atwork_subtour_destination,
[1;32m      8[0m     atwork_subtour_frequency,
[1;32m      9[0m     atwork_subtour_mode_choice,
[1;32m     10[0m     atwork_subtour_scheduling,
[1;32m     11[0m     auto_ownership,
[1;32m     12[0m     cdap,
[1;32m     13[0m     disaggregate_accessibility,
[1;32m     14[0m     free_parking,
[1;32m     15[0m     initialize,
[1;32m     16[0m     initialize_los,
[1;32m     17[0m     initialize_tours,
[1;32m     18[0m     input_checker,
[1;32m     19[0m     joint_tour_composition,
[1;32m     20[0m     joint_tour_destination,
[1;32m     21[0m     joint_tour_frequency,
[1;32m     22[0m     joint_tour_participation,
[1;32m     23[0m     joint_tour_scheduling,
[1;32m     24[0m     joint_tour_frequency_composition,
[1;32m     25[0m     location_choice,
[1;32m     26[0m     mandatory_scheduling,
[1;32m     27[0m     mandatory_tour_frequency,
[1;32m     28[0m     non_mandatory_destination,
[1;32m     29[0m     non_mandatory_scheduling,
[1;32m     30[0m     non_mandatory_tour_frequency,
[1;32m     31[0m     parking_location_choice,
[1;32m     32[0m     school_escorting,
[1;32m     33[0m     stop_frequency,
[1;32m     34[0m     summarize,
[1;32m     35[0m     telecommute_frequency,
[1;32m     36[0m     tour_mode_choice,
[1;32m     37[0m     tour_od_choice,
[1;32m     38[0m     tour_scheduling_probabilistic,
[1;32m     39[0m     transit_pass_ownership,
[1;32m     40[0m     transit_pass_subsidy,
[1;32m     41[0m     trip_departure_choice,
[1;32m     42[0m     trip_destination,
[1;32m     43[0m     trip_matrices,
[1;32m     44[0m     trip_mode_choice,
[1;32m     45[0m     trip_purpose,
[1;32m     46[0m     trip_purpose_and_destination,
[1;32m     47[0m     trip_scheduling,
[1;32m     48[0m     trip_scheduling_choice,
[1;32m     49[0m     vehicle_allocation,
[1;32m     50[0m     vehicle_type_choice,
[1;32m     51[0m     work_from_home,
[1;32m     52[0m )

File [0;32m/usr/share/miniconda3/envs/docbuild/lib/python3.10/site-packages/activitysim/abm/models/input_checker.py:11[0m
[1;32m      9[0m [38;5;28;01mimport[39;00m [38;5;21;01mnumpy[39;00m [38;5;28;01mas[39;00m [38;5;21;01mnp[39;00m
[1;32m     10[0m [38;5;28;01mimport[39;00m [38;5;21;01mpandas[39;00m [38;5;28;01mas[39;00m [38;5;21;01mpd[39;00m
[0;32m---> 11[0m [38;5;28;01mimport[39;00m [38;5;21;01mpandera[39;00m [38;5;28;01mas[39;00m [38;5;21;01mpa[39;00m
[1;32m     12[0m [38;5;28;01mimport[39;00m [38;5;21;01mpydantic[39;00m
[1;32m     14[0m [38;5;28;01mfrom[39;00m [38;5;21;01mactivitysim[39;00m[38;5;21;01m.[39;00m[38;5;21;01mcore[39;00m [38;5;28;01mimport[39;00m workflow

[0;31mModuleNotFoundError[0m: No module named 'pandera'

